[2025-12-24 16:05:55,736] multiqc                                            [DEBUG  ]  This is MultiQC v1.18
[2025-12-24 16:05:55,737] multiqc                                            [DEBUG  ]  Command used: /usr/bin/multiqc analyse/04_rnaseq_qc/fastqc_trimmed_output/ -o analyse/04_rnaseq_qc/multiqc_trimmed_output
[2025-12-24 16:05:56,578] multiqc                                            [WARNING]  MultiQC Version v1.33 now available!
[2025-12-24 16:05:56,579] multiqc                                            [DEBUG  ]  Working dir : /mnt/c/Users/PC/Documents/FISE2/bioinfo/projet/NGS_project
[2025-12-24 16:05:56,580] multiqc                                            [DEBUG  ]  Template    : default
[2025-12-24 16:05:56,580] multiqc                                            [DEBUG  ]  Running Python 3.12.3 (main, Nov  6 2025, 13:44:16) [GCC 13.3.0]
[2025-12-24 16:05:56,581] multiqc                                            [DEBUG  ]  Analysing modules: custom_content, ccs, ngsderive, purple, conpair, lima, peddy, somalier, methylQA, mosdepth, phantompeakqualtools, qualimap, preseq, hifiasm, quast, qorts, rna_seqc, rockhopper, rsem, rseqc, busco, bustools, goleft_indexcov, gffcompare, disambiguate, supernova, deeptools, sargasso, verifybamid, mirtrace, happy, mirtop, sambamba, gopeaks, homer, hops, macs2, theta2, snpeff, gatk, htseq, bcftools, featureCounts, fgbio, dragen, dragen_fastqc, dedup, pbmarkdup, damageprofiler, mapdamage, biobambam2, jcvi, mtnucratio, picard, vep, bakta, prokka, qc3C, nanostat, samblaster, samtools, sexdeterrmine, seqera_cli, eigenstratdatabasetools, bamtools, jellyfish, vcftools, longranger, stacks, varscan2, snippy, umitools, truvari, bbmap, bismark, biscuit, diamond, hicexplorer, hicup, hicpro, salmon, kallisto, slamdunk, star, hisat2, tophat, bowtie2, bowtie1, cellranger, snpsplit, odgi, pangolin, nextclade, freyja, humid, kat, leehom, librarian, adapterRemoval, bbduk, clipandmerge, cutadapt, flexbar, sourmash, kaiju, bracken, kraken, malt, motus, trimmomatic, sickle, skewer, sortmerna, biobloomtools, fastq_screen, afterqc, fastp, fastqc, filtlong, prinseqplusplus, pychopper, porechop, pycoqc, minionqc, anglerfish, multivcfanalyzer, clusterflow, checkqc, bcl2fastq, bclconvert, interop, ivar, flash, seqyclean, optitype, whatshap, xenome, xengsort
[2025-12-24 16:05:56,585] multiqc                                            [DEBUG  ]  Using temporary directory for creating report: /tmp/tmpytvhgh3s
[2025-12-24 16:05:56,589] multiqc                                            [INFO   ]  Search path : /mnt/c/Users/PC/Documents/FISE2/bioinfo/projet/NGS_project/analyse/04_rnaseq_qc/fastqc_trimmed_output
[2025-12-24 16:05:57,252] multiqc                                            [DEBUG  ]  Summary of files that were skipped by the search: [skipped_module_specific_max_filesize: 144] // [skipped_no_match: 12]
[2025-12-24 16:05:57,757] multiqc.plots.bargraph                             [DEBUG  ]  Using matplotlib version 3.6.3
[2025-12-24 16:05:57,759] multiqc.plots.linegraph                            [DEBUG  ]  Using matplotlib version 3.6.3
[2025-12-24 16:05:57,760] multiqc                                            [DEBUG  ]  No samples found: custom_content
[2025-12-24 16:05:57,997] multiqc.modules.fastqc.fastqc                      [INFO   ]  Found 12 reports
[2025-12-24 16:05:58,042] multiqc.utils.software_versions                    [DEBUG  ]  Reading software versions from config.software_versions
[2025-12-24 16:05:58,056] multiqc                                            [DEBUG  ]  Compressing plot data
[2025-12-24 16:05:58,147] multiqc                                            [INFO   ]  Report      : analyse/04_rnaseq_qc/multiqc_trimmed_output/multiqc_report.html
[2025-12-24 16:05:58,147] multiqc                                            [INFO   ]  Data        : analyse/04_rnaseq_qc/multiqc_trimmed_output/multiqc_data
[2025-12-24 16:05:58,148] multiqc                                            [DEBUG  ]  Moving data file from '/tmp/tmpytvhgh3s/multiqc_data' to 'analyse/04_rnaseq_qc/multiqc_trimmed_output/multiqc_data'
[2025-12-24 16:05:58,245] multiqc                                            [DEBUG  ]  Full report path: /mnt/c/Users/PC/Documents/FISE2/bioinfo/projet/NGS_project/analyse/04_rnaseq_qc/multiqc_trimmed_output/multiqc_report.html
[2025-12-24 16:05:58,308] multiqc                                            [ERROR  ]  Could not include file 'assets/js/packages/jszip.min.js': [Errno 2] No such file or directory: '/tmp/tmpytvhgh3s/assets/js/packages/jszip.min.js'
[2025-12-24 16:05:58,370] multiqc                                            [INFO   ]  MultiQC complete
